<?xml version="1.0" encoding="UTF-8"?>
<testng-results ignored="0" total="1" passed="1" failed="0" skipped="0">
  <reporter-output>
  </reporter-output>
  <suite started-at="2023-08-16T16:11:21 EDT" name="Default suite" finished-at="2023-08-16T16:11:53 EDT" duration-ms="31695">
    <groups>
    </groups>
    <test started-at="2023-08-16T16:11:21 EDT" name="Default test" finished-at="2023-08-16T16:11:53 EDT" duration-ms="31695">
      <class name="testcase.FT_MM_Test1">
        <test-method signature="testBLSBetaLabs()[pri:0, instance:testcase.FT_MM_Test1@59505b48]" started-at="2023-08-16T16:11:22 EDT" name="testBLSBetaLabs" finished-at="2023-08-16T16:11:53 EDT" duration-ms="31633" status="PASS">
          <reporter-output>
          </reporter-output>
        </test-method> <!-- testBLSBetaLabs -->
      </class> <!-- testcase.FT_MM_Test1 -->
    </test> <!-- Default test -->
  </suite> <!-- Default suite -->
</testng-results>
